TN:
SF:backupManager.ts
FN:14,(anonymous_0)
FN:19,(anonymous_1)
FN:36,(anonymous_2)
FN:43,(anonymous_3)
FNF:4
FNH:4
FNDA:6,(anonymous_0)
FNDA:10,(anonymous_1)
FNDA:2,(anonymous_2)
FNDA:5,(anonymous_3)
DA:10,1
DA:11,6
DA:15,6
DA:20,10
DA:25,10
DA:28,10
DA:29,1
DA:32,10
DA:37,2
DA:38,1
DA:40,1
DA:44,5
LF:12
LH:12
BRDA:14,0,0,4
BRDA:28,1,0,1
BRDA:28,1,1,9
BRDA:37,2,0,1
BRDA:37,2,1,1
BRF:5
BRH:5
end_of_record
TN:
SF:ddosProtection.ts
FN:11,(anonymous_0)
FN:17,(anonymous_1)
FN:21,(anonymous_2)
FNF:3
FNH:3
FNDA:5,(anonymous_0)
FNDA:20,(anonymous_1)
FNDA:30,(anonymous_2)
DA:6,1
DA:7,5
DA:12,5
DA:13,5
DA:18,20
DA:21,30
DA:23,20
DA:24,4
DA:25,4
DA:28,16
DA:29,16
DA:30,16
LF:12
LH:12
BRDA:11,0,0,1
BRDA:11,1,0,1
BRDA:17,2,0,0
BRDA:18,3,0,20
BRDA:18,3,1,6
BRDA:23,4,0,4
BRDA:23,4,1,16
BRF:7
BRH:6
end_of_record
TN:
SF:loadBalancer.ts
FN:15,(anonymous_0)
FN:16,(anonymous_1)
FN:24,(anonymous_2)
FN:31,(anonymous_3)
FN:32,(anonymous_4)
FN:46,(anonymous_5)
FN:47,(anonymous_6)
FNF:7
FNH:7
FNDA:7,(anonymous_0)
FNDA:16,(anonymous_1)
FNDA:4,(anonymous_2)
FNDA:11,(anonymous_3)
FNDA:29,(anonymous_4)
FNDA:5,(anonymous_5)
FNDA:9,(anonymous_6)
DA:11,1
DA:13,7
DA:16,16
DA:25,4
DA:26,9
DA:32,29
DA:34,11
DA:35,1
DA:38,10
DA:39,10
DA:40,10
DA:41,10
DA:43,10
DA:47,9
LF:14
LH:14
BRDA:24,0,0,0
BRDA:34,1,0,1
BRDA:34,1,1,10
BRF:3
BRH:2
end_of_record
